CRITICAL - 2022-02-11 19:34:40 --> Invalid file: platillos/listar.php
#0 C:\xampp\htdocs\pwa_buffet_viterbo\system\View\View.php(198): CodeIgniter\Exceptions\FrameworkException::forInvalidFile('platillos/lista...')
#1 C:\xampp\htdocs\pwa_buffet_viterbo\system\Common.php(1089): CodeIgniter\View\View->render('platillos/lista...', Array, true)
#2 C:\xampp\htdocs\pwa_buffet_viterbo\app\Controllers\Home.php(9): view('platillos/lista...')
#3 C:\xampp\htdocs\pwa_buffet_viterbo\system\CodeIgniter.php(825): App\Controllers\Home->index()
#4 C:\xampp\htdocs\pwa_buffet_viterbo\system\CodeIgniter.php(412): CodeIgniter\CodeIgniter->runController(Object(App\Controllers\Home))
#5 C:\xampp\htdocs\pwa_buffet_viterbo\system\CodeIgniter.php(320): CodeIgniter\CodeIgniter->handleRequest(NULL, Object(Config\Cache), false)
#6 C:\xampp\htdocs\pwa_buffet_viterbo\public\index.php(37): CodeIgniter\CodeIgniter->run()
#7 {main}
CRITICAL - 2022-02-11 20:33:49 --> Undefined array key "nombre"
#0 C:\xampp\htdocs\pwa_buffet_viterbo\app\Views\back-end\profile.php(25): CodeIgniter\Debug\Exceptions->errorHandler(2, 'Undefined array...', 'C:\\xampp\\htdocs...', 25)
#1 C:\xampp\htdocs\pwa_buffet_viterbo\system\View\View.php(210): include('C:\\xampp\\htdocs...')
#2 C:\xampp\htdocs\pwa_buffet_viterbo\system\View\View.php(213): CodeIgniter\View\View->CodeIgniter\View\{closure}()
#3 C:\xampp\htdocs\pwa_buffet_viterbo\system\Common.php(1089): CodeIgniter\View\View->render('back-end/profil...', Array, true)
#4 C:\xampp\htdocs\pwa_buffet_viterbo\app\Controllers\Dashboard.php(27): view('back-end/profil...', Array)
#5 C:\xampp\htdocs\pwa_buffet_viterbo\system\CodeIgniter.php(825): App\Controllers\Dashboard->profile()
#6 C:\xampp\htdocs\pwa_buffet_viterbo\system\CodeIgniter.php(412): CodeIgniter\CodeIgniter->runController(Object(App\Controllers\Dashboard))
#7 C:\xampp\htdocs\pwa_buffet_viterbo\system\CodeIgniter.php(320): CodeIgniter\CodeIgniter->handleRequest(NULL, Object(Config\Cache), false)
#8 C:\xampp\htdocs\pwa_buffet_viterbo\public\index.php(37): CodeIgniter\CodeIgniter->run()
#9 {main}
CRITICAL - 2022-02-11 20:34:04 --> Undefined array key "nombre"
#0 C:\xampp\htdocs\pwa_buffet_viterbo\app\Views\back-end\profile.php(25): CodeIgniter\Debug\Exceptions->errorHandler(2, 'Undefined array...', 'C:\\xampp\\htdocs...', 25)
#1 C:\xampp\htdocs\pwa_buffet_viterbo\system\View\View.php(210): include('C:\\xampp\\htdocs...')
#2 C:\xampp\htdocs\pwa_buffet_viterbo\system\View\View.php(213): CodeIgniter\View\View->CodeIgniter\View\{closure}()
#3 C:\xampp\htdocs\pwa_buffet_viterbo\system\Common.php(1089): CodeIgniter\View\View->render('back-end/profil...', Array, true)
#4 C:\xampp\htdocs\pwa_buffet_viterbo\app\Controllers\Dashboard.php(27): view('back-end/profil...', Array)
#5 C:\xampp\htdocs\pwa_buffet_viterbo\system\CodeIgniter.php(825): App\Controllers\Dashboard->profile()
#6 C:\xampp\htdocs\pwa_buffet_viterbo\system\CodeIgniter.php(412): CodeIgniter\CodeIgniter->runController(Object(App\Controllers\Dashboard))
#7 C:\xampp\htdocs\pwa_buffet_viterbo\system\CodeIgniter.php(320): CodeIgniter\CodeIgniter->handleRequest(NULL, Object(Config\Cache), false)
#8 C:\xampp\htdocs\pwa_buffet_viterbo\public\index.php(37): CodeIgniter\CodeIgniter->run()
#9 {main}
