CRITICAL - 2022-04-07 01:39:44 --> Invalid file: platillos/listar.php
#0 C:\xampp\htdocs\pwa_buffet_viterbo\system\View\View.php(198): CodeIgniter\Exceptions\FrameworkException::forInvalidFile('platillos/lista...')
#1 C:\xampp\htdocs\pwa_buffet_viterbo\system\Common.php(1089): CodeIgniter\View\View->render('platillos/lista...', Array, true)
#2 C:\xampp\htdocs\pwa_buffet_viterbo\app\Controllers\Home.php(9): view('platillos/lista...')
#3 C:\xampp\htdocs\pwa_buffet_viterbo\system\CodeIgniter.php(825): App\Controllers\Home->index()
#4 C:\xampp\htdocs\pwa_buffet_viterbo\system\CodeIgniter.php(412): CodeIgniter\CodeIgniter->runController(Object(App\Controllers\Home))
#5 C:\xampp\htdocs\pwa_buffet_viterbo\system\CodeIgniter.php(320): CodeIgniter\CodeIgniter->handleRequest(NULL, Object(Config\Cache), false)
#6 C:\xampp\htdocs\pwa_buffet_viterbo\public\index.php(37): CodeIgniter\CodeIgniter->run()
#7 {main}
CRITICAL - 2022-04-07 01:41:47 --> Invalid file: platillos/listar.php
#0 C:\xampp\htdocs\pwa_buffet_viterbo\system\View\View.php(198): CodeIgniter\Exceptions\FrameworkException::forInvalidFile('platillos/lista...')
#1 C:\xampp\htdocs\pwa_buffet_viterbo\system\Common.php(1089): CodeIgniter\View\View->render('platillos/lista...', Array, true)
#2 C:\xampp\htdocs\pwa_buffet_viterbo\app\Controllers\Home.php(9): view('platillos/lista...')
#3 C:\xampp\htdocs\pwa_buffet_viterbo\system\CodeIgniter.php(825): App\Controllers\Home->index()
#4 C:\xampp\htdocs\pwa_buffet_viterbo\system\CodeIgniter.php(412): CodeIgniter\CodeIgniter->runController(Object(App\Controllers\Home))
#5 C:\xampp\htdocs\pwa_buffet_viterbo\system\CodeIgniter.php(320): CodeIgniter\CodeIgniter->handleRequest(NULL, Object(Config\Cache), false)
#6 C:\xampp\htdocs\pwa_buffet_viterbo\public\index.php(37): CodeIgniter\CodeIgniter->run()
#7 {main}
CRITICAL - 2022-04-07 01:42:51 --> Invalid file: platillos/listar.php
#0 C:\xampp\htdocs\pwa_buffet_viterbo\system\View\View.php(198): CodeIgniter\Exceptions\FrameworkException::forInvalidFile('platillos/lista...')
#1 C:\xampp\htdocs\pwa_buffet_viterbo\system\Common.php(1089): CodeIgniter\View\View->render('platillos/lista...', Array, true)
#2 C:\xampp\htdocs\pwa_buffet_viterbo\app\Controllers\Home.php(9): view('platillos/lista...')
#3 C:\xampp\htdocs\pwa_buffet_viterbo\system\CodeIgniter.php(825): App\Controllers\Home->index()
#4 C:\xampp\htdocs\pwa_buffet_viterbo\system\CodeIgniter.php(412): CodeIgniter\CodeIgniter->runController(Object(App\Controllers\Home))
#5 C:\xampp\htdocs\pwa_buffet_viterbo\system\CodeIgniter.php(320): CodeIgniter\CodeIgniter->handleRequest(NULL, Object(Config\Cache), false)
#6 C:\xampp\htdocs\pwa_buffet_viterbo\public\index.php(37): CodeIgniter\CodeIgniter->run()
#7 {main}
CRITICAL - 2022-04-07 01:45:44 --> Invalid file: backend/comentarios/listar3.php
#0 C:\xampp\htdocs\pwa_buffet_viterbo\system\View\View.php(198): CodeIgniter\Exceptions\FrameworkException::forInvalidFile('backend/comenta...')
#1 C:\xampp\htdocs\pwa_buffet_viterbo\system\Common.php(1089): CodeIgniter\View\View->render('backend/comenta...', Array, true)
#2 C:\xampp\htdocs\pwa_buffet_viterbo\app\Controllers\Comentarios.php(15): view('backend/comenta...', Array)
#3 C:\xampp\htdocs\pwa_buffet_viterbo\system\CodeIgniter.php(825): App\Controllers\Comentarios->index2()
#4 C:\xampp\htdocs\pwa_buffet_viterbo\system\CodeIgniter.php(412): CodeIgniter\CodeIgniter->runController(Object(App\Controllers\Comentarios))
#5 C:\xampp\htdocs\pwa_buffet_viterbo\system\CodeIgniter.php(320): CodeIgniter\CodeIgniter->handleRequest(NULL, Object(Config\Cache), false)
#6 C:\xampp\htdocs\pwa_buffet_viterbo\public\index.php(37): CodeIgniter\CodeIgniter->run()
#7 {main}
CRITICAL - 2022-04-07 01:46:01 --> Invalid file: platillos/listar.php
#0 C:\xampp\htdocs\pwa_buffet_viterbo\system\View\View.php(198): CodeIgniter\Exceptions\FrameworkException::forInvalidFile('platillos/lista...')
#1 C:\xampp\htdocs\pwa_buffet_viterbo\system\Common.php(1089): CodeIgniter\View\View->render('platillos/lista...', Array, true)
#2 C:\xampp\htdocs\pwa_buffet_viterbo\app\Controllers\Home.php(9): view('platillos/lista...')
#3 C:\xampp\htdocs\pwa_buffet_viterbo\system\CodeIgniter.php(825): App\Controllers\Home->index()
#4 C:\xampp\htdocs\pwa_buffet_viterbo\system\CodeIgniter.php(412): CodeIgniter\CodeIgniter->runController(Object(App\Controllers\Home))
#5 C:\xampp\htdocs\pwa_buffet_viterbo\system\CodeIgniter.php(320): CodeIgniter\CodeIgniter->handleRequest(NULL, Object(Config\Cache), false)
#6 C:\xampp\htdocs\pwa_buffet_viterbo\public\index.php(37): CodeIgniter\CodeIgniter->run()
#7 {main}
CRITICAL - 2022-04-07 01:54:00 --> Invalid file: backend/comentarios/listar3.php
#0 C:\xampp\htdocs\pwa_buffet_viterbo\system\View\View.php(198): CodeIgniter\Exceptions\FrameworkException::forInvalidFile('backend/comenta...')
#1 C:\xampp\htdocs\pwa_buffet_viterbo\system\Common.php(1089): CodeIgniter\View\View->render('backend/comenta...', Array, true)
#2 C:\xampp\htdocs\pwa_buffet_viterbo\app\Controllers\Comentarios.php(15): view('backend/comenta...', Array)
#3 C:\xampp\htdocs\pwa_buffet_viterbo\system\CodeIgniter.php(825): App\Controllers\Comentarios->index2()
#4 C:\xampp\htdocs\pwa_buffet_viterbo\system\CodeIgniter.php(412): CodeIgniter\CodeIgniter->runController(Object(App\Controllers\Comentarios))
#5 C:\xampp\htdocs\pwa_buffet_viterbo\system\CodeIgniter.php(320): CodeIgniter\CodeIgniter->handleRequest(NULL, Object(Config\Cache), false)
#6 C:\xampp\htdocs\pwa_buffet_viterbo\public\index.php(37): CodeIgniter\CodeIgniter->run()
#7 {main}
CRITICAL - 2022-04-07 11:36:31 --> syntax error, unexpected 'in' (T_STRING)
#0 C:\xampp\htdocs\pwa_buffet_viterbo\system\View\View.php(213): CodeIgniter\View\View->CodeIgniter\View\{closure}()
#1 C:\xampp\htdocs\pwa_buffet_viterbo\system\Common.php(1089): CodeIgniter\View\View->render('homes', Array, true)
#2 C:\xampp\htdocs\pwa_buffet_viterbo\app\Controllers\Home.php(13): view('homes', Array)
#3 C:\xampp\htdocs\pwa_buffet_viterbo\system\CodeIgniter.php(825): App\Controllers\Home->index()
#4 C:\xampp\htdocs\pwa_buffet_viterbo\system\CodeIgniter.php(412): CodeIgniter\CodeIgniter->runController(Object(App\Controllers\Home))
#5 C:\xampp\htdocs\pwa_buffet_viterbo\system\CodeIgniter.php(320): CodeIgniter\CodeIgniter->handleRequest(NULL, Object(Config\Cache), false)
#6 C:\xampp\htdocs\pwa_buffet_viterbo\public\index.php(37): CodeIgniter\CodeIgniter->run()
#7 {main}
CRITICAL - 2022-04-07 13:19:06 --> Class 'App\Models\bebida' not found
#0 /home/viq1b37cx4f8/public_html/innovator.majoradagi.com/system/CodeIgniter.php(825): App\Controllers\Bebidas->index1()
#1 /home/viq1b37cx4f8/public_html/innovator.majoradagi.com/system/CodeIgniter.php(412): CodeIgniter\CodeIgniter->runController(Object(App\Controllers\Bebidas))
#2 /home/viq1b37cx4f8/public_html/innovator.majoradagi.com/system/CodeIgniter.php(320): CodeIgniter\CodeIgniter->handleRequest(NULL, Object(Config\Cache), false)
#3 /home/viq1b37cx4f8/public_html/innovator.majoradagi.com/public/index.php(37): CodeIgniter\CodeIgniter->run()
#4 {main}
CRITICAL - 2022-04-07 13:19:17 --> Class 'App\Models\platillo' not found
#0 /home/viq1b37cx4f8/public_html/innovator.majoradagi.com/system/CodeIgniter.php(825): App\Controllers\Platillos->index()
#1 /home/viq1b37cx4f8/public_html/innovator.majoradagi.com/system/CodeIgniter.php(412): CodeIgniter\CodeIgniter->runController(Object(App\Controllers\Platillos))
#2 /home/viq1b37cx4f8/public_html/innovator.majoradagi.com/system/CodeIgniter.php(320): CodeIgniter\CodeIgniter->handleRequest(NULL, Object(Config\Cache), false)
#3 /home/viq1b37cx4f8/public_html/innovator.majoradagi.com/public/index.php(37): CodeIgniter\CodeIgniter->run()
#4 {main}
CRITICAL - 2022-04-07 13:20:30 --> Class 'App\Models\platillo' not found
#0 /home/viq1b37cx4f8/public_html/innovator.majoradagi.com/system/CodeIgniter.php(825): App\Controllers\Platillos->index()
#1 /home/viq1b37cx4f8/public_html/innovator.majoradagi.com/system/CodeIgniter.php(412): CodeIgniter\CodeIgniter->runController(Object(App\Controllers\Platillos))
#2 /home/viq1b37cx4f8/public_html/innovator.majoradagi.com/system/CodeIgniter.php(320): CodeIgniter\CodeIgniter->handleRequest(NULL, Object(Config\Cache), false)
#3 /home/viq1b37cx4f8/public_html/innovator.majoradagi.com/public/index.php(37): CodeIgniter\CodeIgniter->run()
#4 {main}
CRITICAL - 2022-04-07 13:20:33 --> Class 'App\Models\bebida' not found
#0 /home/viq1b37cx4f8/public_html/innovator.majoradagi.com/system/CodeIgniter.php(825): App\Controllers\Bebidas->index1()
#1 /home/viq1b37cx4f8/public_html/innovator.majoradagi.com/system/CodeIgniter.php(412): CodeIgniter\CodeIgniter->runController(Object(App\Controllers\Bebidas))
#2 /home/viq1b37cx4f8/public_html/innovator.majoradagi.com/system/CodeIgniter.php(320): CodeIgniter\CodeIgniter->handleRequest(NULL, Object(Config\Cache), false)
#3 /home/viq1b37cx4f8/public_html/innovator.majoradagi.com/public/index.php(37): CodeIgniter\CodeIgniter->run()
#4 {main}
CRITICAL - 2022-04-07 13:24:43 --> Class 'App\Models\bebida' not found
#0 /home/viq1b37cx4f8/public_html/innovator.majoradagi.com/system/CodeIgniter.php(825): App\Controllers\Bebidas->index1()
#1 /home/viq1b37cx4f8/public_html/innovator.majoradagi.com/system/CodeIgniter.php(412): CodeIgniter\CodeIgniter->runController(Object(App\Controllers\Bebidas))
#2 /home/viq1b37cx4f8/public_html/innovator.majoradagi.com/system/CodeIgniter.php(320): CodeIgniter\CodeIgniter->handleRequest(NULL, Object(Config\Cache), false)
#3 /home/viq1b37cx4f8/public_html/innovator.majoradagi.com/public/index.php(37): CodeIgniter\CodeIgniter->run()
#4 {main}
CRITICAL - 2022-04-07 13:25:06 --> Class 'App\Models\bebida' not found
#0 /home/viq1b37cx4f8/public_html/innovator.majoradagi.com/system/CodeIgniter.php(825): App\Controllers\Bebidas->index1()
#1 /home/viq1b37cx4f8/public_html/innovator.majoradagi.com/system/CodeIgniter.php(412): CodeIgniter\CodeIgniter->runController(Object(App\Controllers\Bebidas))
#2 /home/viq1b37cx4f8/public_html/innovator.majoradagi.com/system/CodeIgniter.php(320): CodeIgniter\CodeIgniter->handleRequest(NULL, Object(Config\Cache), false)
#3 /home/viq1b37cx4f8/public_html/innovator.majoradagi.com/public/index.php(37): CodeIgniter\CodeIgniter->run()
#4 {main}
CRITICAL - 2022-04-07 13:28:04 --> Class 'App\Models\bebida' not found
#0 /home/viq1b37cx4f8/public_html/innovator.majoradagi.com/system/CodeIgniter.php(825): App\Controllers\Bebidas->index1()
#1 /home/viq1b37cx4f8/public_html/innovator.majoradagi.com/system/CodeIgniter.php(412): CodeIgniter\CodeIgniter->runController(Object(App\Controllers\Bebidas))
#2 /home/viq1b37cx4f8/public_html/innovator.majoradagi.com/system/CodeIgniter.php(320): CodeIgniter\CodeIgniter->handleRequest(NULL, Object(Config\Cache), false)
#3 /home/viq1b37cx4f8/public_html/innovator.majoradagi.com/public/index.php(37): CodeIgniter\CodeIgniter->run()
#4 {main}
CRITICAL - 2022-04-07 13:28:08 --> Class 'App\Models\platillo' not found
#0 /home/viq1b37cx4f8/public_html/innovator.majoradagi.com/system/CodeIgniter.php(825): App\Controllers\Platillos->index()
#1 /home/viq1b37cx4f8/public_html/innovator.majoradagi.com/system/CodeIgniter.php(412): CodeIgniter\CodeIgniter->runController(Object(App\Controllers\Platillos))
#2 /home/viq1b37cx4f8/public_html/innovator.majoradagi.com/system/CodeIgniter.php(320): CodeIgniter\CodeIgniter->handleRequest(NULL, Object(Config\Cache), false)
#3 /home/viq1b37cx4f8/public_html/innovator.majoradagi.com/public/index.php(37): CodeIgniter\CodeIgniter->run()
#4 {main}
CRITICAL - 2022-04-07 13:28:20 --> Class 'App\Models\platillo' not found
#0 /home/viq1b37cx4f8/public_html/innovator.majoradagi.com/system/CodeIgniter.php(825): App\Controllers\Platillos->index()
#1 /home/viq1b37cx4f8/public_html/innovator.majoradagi.com/system/CodeIgniter.php(412): CodeIgniter\CodeIgniter->runController(Object(App\Controllers\Platillos))
#2 /home/viq1b37cx4f8/public_html/innovator.majoradagi.com/system/CodeIgniter.php(320): CodeIgniter\CodeIgniter->handleRequest(NULL, Object(Config\Cache), false)
#3 /home/viq1b37cx4f8/public_html/innovator.majoradagi.com/public/index.php(37): CodeIgniter\CodeIgniter->run()
#4 {main}
CRITICAL - 2022-04-07 13:29:09 --> Class 'App\Models\platillo' not found
#0 /home/viq1b37cx4f8/public_html/innovator.majoradagi.com/system/CodeIgniter.php(825): App\Controllers\Platillos->index()
#1 /home/viq1b37cx4f8/public_html/innovator.majoradagi.com/system/CodeIgniter.php(412): CodeIgniter\CodeIgniter->runController(Object(App\Controllers\Platillos))
#2 /home/viq1b37cx4f8/public_html/innovator.majoradagi.com/system/CodeIgniter.php(320): CodeIgniter\CodeIgniter->handleRequest(NULL, Object(Config\Cache), false)
#3 /home/viq1b37cx4f8/public_html/innovator.majoradagi.com/public/index.php(37): CodeIgniter\CodeIgniter->run()
#4 {main}
