CRITICAL - 2022-02-16 12:06:51 --> Undefined variable $userInfo
#0 C:\xampp\htdocs\pwa_buffet_viterbo\app\Views\backend\template\header.php(33): CodeIgniter\Debug\Exceptions->errorHandler(2, 'Undefined varia...', 'C:\\xampp\\htdocs...', 33)
#1 C:\xampp\htdocs\pwa_buffet_viterbo\system\View\View.php(210): include('C:\\xampp\\htdocs...')
#2 C:\xampp\htdocs\pwa_buffet_viterbo\system\View\View.php(213): CodeIgniter\View\View->CodeIgniter\View\{closure}()
#3 C:\xampp\htdocs\pwa_buffet_viterbo\system\Common.php(1089): CodeIgniter\View\View->render('backend/templat...', Array, true)
#4 C:\xampp\htdocs\pwa_buffet_viterbo\app\Controllers\Platillos.php(12): view('backend/templat...')
#5 C:\xampp\htdocs\pwa_buffet_viterbo\system\CodeIgniter.php(825): App\Controllers\Platillos->index()
#6 C:\xampp\htdocs\pwa_buffet_viterbo\system\CodeIgniter.php(412): CodeIgniter\CodeIgniter->runController(Object(App\Controllers\Platillos))
#7 C:\xampp\htdocs\pwa_buffet_viterbo\system\CodeIgniter.php(320): CodeIgniter\CodeIgniter->handleRequest(NULL, Object(Config\Cache), false)
#8 C:\xampp\htdocs\pwa_buffet_viterbo\public\index.php(37): CodeIgniter\CodeIgniter->run()
#9 {main}
CRITICAL - 2022-02-16 12:09:10 --> Undefined variable $userInfo
#0 C:\xampp\htdocs\pwa_buffet_viterbo\app\Views\backend\template\header.php(33): CodeIgniter\Debug\Exceptions->errorHandler(2, 'Undefined varia...', 'C:\\xampp\\htdocs...', 33)
#1 C:\xampp\htdocs\pwa_buffet_viterbo\system\View\View.php(210): include('C:\\xampp\\htdocs...')
#2 C:\xampp\htdocs\pwa_buffet_viterbo\system\View\View.php(213): CodeIgniter\View\View->CodeIgniter\View\{closure}()
#3 C:\xampp\htdocs\pwa_buffet_viterbo\system\Common.php(1089): CodeIgniter\View\View->render('backend/templat...', Array, true)
#4 C:\xampp\htdocs\pwa_buffet_viterbo\app\Controllers\Platillos.php(12): view('backend/templat...')
#5 C:\xampp\htdocs\pwa_buffet_viterbo\system\CodeIgniter.php(825): App\Controllers\Platillos->index()
#6 C:\xampp\htdocs\pwa_buffet_viterbo\system\CodeIgniter.php(412): CodeIgniter\CodeIgniter->runController(Object(App\Controllers\Platillos))
#7 C:\xampp\htdocs\pwa_buffet_viterbo\system\CodeIgniter.php(320): CodeIgniter\CodeIgniter->handleRequest(NULL, Object(Config\Cache), false)
#8 C:\xampp\htdocs\pwa_buffet_viterbo\public\index.php(37): CodeIgniter\CodeIgniter->run()
#9 {main}
CRITICAL - 2022-02-16 17:25:06 --> Undefined variable $platillos
#0 C:\xampp\htdocs\pwa_buffet_viterbo\app\Views\homes.php(220): CodeIgniter\Debug\Exceptions->errorHandler(2, 'Undefined varia...', 'C:\\xampp\\htdocs...', 220)
#1 C:\xampp\htdocs\pwa_buffet_viterbo\system\View\View.php(210): include('C:\\xampp\\htdocs...')
#2 C:\xampp\htdocs\pwa_buffet_viterbo\system\View\View.php(213): CodeIgniter\View\View->CodeIgniter\View\{closure}()
#3 C:\xampp\htdocs\pwa_buffet_viterbo\system\Common.php(1089): CodeIgniter\View\View->render('homes', Array, true)
#4 C:\xampp\htdocs\pwa_buffet_viterbo\app\Controllers\Base.php(9): view('homes')
#5 C:\xampp\htdocs\pwa_buffet_viterbo\system\CodeIgniter.php(825): App\Controllers\Base->index()
#6 C:\xampp\htdocs\pwa_buffet_viterbo\system\CodeIgniter.php(412): CodeIgniter\CodeIgniter->runController(Object(App\Controllers\Base))
#7 C:\xampp\htdocs\pwa_buffet_viterbo\system\CodeIgniter.php(320): CodeIgniter\CodeIgniter->handleRequest(NULL, Object(Config\Cache), false)
#8 C:\xampp\htdocs\pwa_buffet_viterbo\public\index.php(37): CodeIgniter\CodeIgniter->run()
#9 {main}
CRITICAL - 2022-02-16 17:28:28 --> Undefined variable $platillos
#0 C:\xampp\htdocs\pwa_buffet_viterbo\app\Views\homes.php(220): CodeIgniter\Debug\Exceptions->errorHandler(2, 'Undefined varia...', 'C:\\xampp\\htdocs...', 220)
#1 C:\xampp\htdocs\pwa_buffet_viterbo\system\View\View.php(210): include('C:\\xampp\\htdocs...')
#2 C:\xampp\htdocs\pwa_buffet_viterbo\system\View\View.php(213): CodeIgniter\View\View->CodeIgniter\View\{closure}()
#3 C:\xampp\htdocs\pwa_buffet_viterbo\system\Common.php(1089): CodeIgniter\View\View->render('homes', Array, true)
#4 C:\xampp\htdocs\pwa_buffet_viterbo\app\Controllers\Base.php(9): view('homes')
#5 C:\xampp\htdocs\pwa_buffet_viterbo\system\CodeIgniter.php(825): App\Controllers\Base->index()
#6 C:\xampp\htdocs\pwa_buffet_viterbo\system\CodeIgniter.php(412): CodeIgniter\CodeIgniter->runController(Object(App\Controllers\Base))
#7 C:\xampp\htdocs\pwa_buffet_viterbo\system\CodeIgniter.php(320): CodeIgniter\CodeIgniter->handleRequest(NULL, Object(Config\Cache), false)
#8 C:\xampp\htdocs\pwa_buffet_viterbo\public\index.php(37): CodeIgniter\CodeIgniter->run()
#9 {main}
CRITICAL - 2022-02-16 17:28:30 --> Undefined variable $platillos
#0 C:\xampp\htdocs\pwa_buffet_viterbo\app\Views\homes.php(220): CodeIgniter\Debug\Exceptions->errorHandler(2, 'Undefined varia...', 'C:\\xampp\\htdocs...', 220)
#1 C:\xampp\htdocs\pwa_buffet_viterbo\system\View\View.php(210): include('C:\\xampp\\htdocs...')
#2 C:\xampp\htdocs\pwa_buffet_viterbo\system\View\View.php(213): CodeIgniter\View\View->CodeIgniter\View\{closure}()
#3 C:\xampp\htdocs\pwa_buffet_viterbo\system\Common.php(1089): CodeIgniter\View\View->render('homes', Array, true)
#4 C:\xampp\htdocs\pwa_buffet_viterbo\app\Controllers\Base.php(9): view('homes')
#5 C:\xampp\htdocs\pwa_buffet_viterbo\system\CodeIgniter.php(825): App\Controllers\Base->index()
#6 C:\xampp\htdocs\pwa_buffet_viterbo\system\CodeIgniter.php(412): CodeIgniter\CodeIgniter->runController(Object(App\Controllers\Base))
#7 C:\xampp\htdocs\pwa_buffet_viterbo\system\CodeIgniter.php(320): CodeIgniter\CodeIgniter->handleRequest(NULL, Object(Config\Cache), false)
#8 C:\xampp\htdocs\pwa_buffet_viterbo\public\index.php(37): CodeIgniter\CodeIgniter->run()
#9 {main}
CRITICAL - 2022-02-16 17:32:05 --> Undefined variable $platillos
#0 C:\xampp\htdocs\pwa_buffet_viterbo\app\Views\homes.php(220): CodeIgniter\Debug\Exceptions->errorHandler(2, 'Undefined varia...', 'C:\\xampp\\htdocs...', 220)
#1 C:\xampp\htdocs\pwa_buffet_viterbo\system\View\View.php(210): include('C:\\xampp\\htdocs...')
#2 C:\xampp\htdocs\pwa_buffet_viterbo\system\View\View.php(213): CodeIgniter\View\View->CodeIgniter\View\{closure}()
#3 C:\xampp\htdocs\pwa_buffet_viterbo\system\Common.php(1089): CodeIgniter\View\View->render('homes', Array, true)
#4 C:\xampp\htdocs\pwa_buffet_viterbo\app\Controllers\Base.php(9): view('homes')
#5 C:\xampp\htdocs\pwa_buffet_viterbo\system\CodeIgniter.php(825): App\Controllers\Base->index()
#6 C:\xampp\htdocs\pwa_buffet_viterbo\system\CodeIgniter.php(412): CodeIgniter\CodeIgniter->runController(Object(App\Controllers\Base))
#7 C:\xampp\htdocs\pwa_buffet_viterbo\system\CodeIgniter.php(320): CodeIgniter\CodeIgniter->handleRequest(NULL, Object(Config\Cache), false)
#8 C:\xampp\htdocs\pwa_buffet_viterbo\public\index.php(37): CodeIgniter\CodeIgniter->run()
#9 {main}
CRITICAL - 2022-02-16 17:34:29 --> Undefined variable $platillos
#0 C:\xampp\htdocs\pwa_buffet_viterbo\app\Views\homes.php(220): CodeIgniter\Debug\Exceptions->errorHandler(2, 'Undefined varia...', 'C:\\xampp\\htdocs...', 220)
#1 C:\xampp\htdocs\pwa_buffet_viterbo\system\View\View.php(210): include('C:\\xampp\\htdocs...')
#2 C:\xampp\htdocs\pwa_buffet_viterbo\system\View\View.php(213): CodeIgniter\View\View->CodeIgniter\View\{closure}()
#3 C:\xampp\htdocs\pwa_buffet_viterbo\system\Common.php(1089): CodeIgniter\View\View->render('homes', Array, true)
#4 C:\xampp\htdocs\pwa_buffet_viterbo\app\Controllers\Base.php(9): view('homes')
#5 C:\xampp\htdocs\pwa_buffet_viterbo\system\CodeIgniter.php(825): App\Controllers\Base->index()
#6 C:\xampp\htdocs\pwa_buffet_viterbo\system\CodeIgniter.php(412): CodeIgniter\CodeIgniter->runController(Object(App\Controllers\Base))
#7 C:\xampp\htdocs\pwa_buffet_viterbo\system\CodeIgniter.php(320): CodeIgniter\CodeIgniter->handleRequest(NULL, Object(Config\Cache), false)
#8 C:\xampp\htdocs\pwa_buffet_viterbo\public\index.php(37): CodeIgniter\CodeIgniter->run()
#9 {main}
CRITICAL - 2022-02-16 17:34:33 --> Undefined variable $platillos
#0 C:\xampp\htdocs\pwa_buffet_viterbo\app\Views\homes.php(220): CodeIgniter\Debug\Exceptions->errorHandler(2, 'Undefined varia...', 'C:\\xampp\\htdocs...', 220)
#1 C:\xampp\htdocs\pwa_buffet_viterbo\system\View\View.php(210): include('C:\\xampp\\htdocs...')
#2 C:\xampp\htdocs\pwa_buffet_viterbo\system\View\View.php(213): CodeIgniter\View\View->CodeIgniter\View\{closure}()
#3 C:\xampp\htdocs\pwa_buffet_viterbo\system\Common.php(1089): CodeIgniter\View\View->render('homes', Array, true)
#4 C:\xampp\htdocs\pwa_buffet_viterbo\app\Controllers\Base.php(9): view('homes')
#5 C:\xampp\htdocs\pwa_buffet_viterbo\system\CodeIgniter.php(825): App\Controllers\Base->index()
#6 C:\xampp\htdocs\pwa_buffet_viterbo\system\CodeIgniter.php(412): CodeIgniter\CodeIgniter->runController(Object(App\Controllers\Base))
#7 C:\xampp\htdocs\pwa_buffet_viterbo\system\CodeIgniter.php(320): CodeIgniter\CodeIgniter->handleRequest(NULL, Object(Config\Cache), false)
#8 C:\xampp\htdocs\pwa_buffet_viterbo\public\index.php(37): CodeIgniter\CodeIgniter->run()
#9 {main}
CRITICAL - 2022-02-16 17:34:54 --> Undefined variable $platillos
#0 C:\xampp\htdocs\pwa_buffet_viterbo\app\Views\homes.php(220): CodeIgniter\Debug\Exceptions->errorHandler(2, 'Undefined varia...', 'C:\\xampp\\htdocs...', 220)
#1 C:\xampp\htdocs\pwa_buffet_viterbo\system\View\View.php(210): include('C:\\xampp\\htdocs...')
#2 C:\xampp\htdocs\pwa_buffet_viterbo\system\View\View.php(213): CodeIgniter\View\View->CodeIgniter\View\{closure}()
#3 C:\xampp\htdocs\pwa_buffet_viterbo\system\Common.php(1089): CodeIgniter\View\View->render('homes', Array, true)
#4 C:\xampp\htdocs\pwa_buffet_viterbo\app\Controllers\Base.php(9): view('homes')
#5 C:\xampp\htdocs\pwa_buffet_viterbo\system\CodeIgniter.php(825): App\Controllers\Base->index()
#6 C:\xampp\htdocs\pwa_buffet_viterbo\system\CodeIgniter.php(412): CodeIgniter\CodeIgniter->runController(Object(App\Controllers\Base))
#7 C:\xampp\htdocs\pwa_buffet_viterbo\system\CodeIgniter.php(320): CodeIgniter\CodeIgniter->handleRequest(NULL, Object(Config\Cache), false)
#8 C:\xampp\htdocs\pwa_buffet_viterbo\public\index.php(37): CodeIgniter\CodeIgniter->run()
#9 {main}
CRITICAL - 2022-02-16 17:34:55 --> Undefined variable $platillos
#0 C:\xampp\htdocs\pwa_buffet_viterbo\app\Views\homes.php(220): CodeIgniter\Debug\Exceptions->errorHandler(2, 'Undefined varia...', 'C:\\xampp\\htdocs...', 220)
#1 C:\xampp\htdocs\pwa_buffet_viterbo\system\View\View.php(210): include('C:\\xampp\\htdocs...')
#2 C:\xampp\htdocs\pwa_buffet_viterbo\system\View\View.php(213): CodeIgniter\View\View->CodeIgniter\View\{closure}()
#3 C:\xampp\htdocs\pwa_buffet_viterbo\system\Common.php(1089): CodeIgniter\View\View->render('homes', Array, true)
#4 C:\xampp\htdocs\pwa_buffet_viterbo\app\Controllers\Base.php(9): view('homes')
#5 C:\xampp\htdocs\pwa_buffet_viterbo\system\CodeIgniter.php(825): App\Controllers\Base->index()
#6 C:\xampp\htdocs\pwa_buffet_viterbo\system\CodeIgniter.php(412): CodeIgniter\CodeIgniter->runController(Object(App\Controllers\Base))
#7 C:\xampp\htdocs\pwa_buffet_viterbo\system\CodeIgniter.php(320): CodeIgniter\CodeIgniter->handleRequest(NULL, Object(Config\Cache), false)
#8 C:\xampp\htdocs\pwa_buffet_viterbo\public\index.php(37): CodeIgniter\CodeIgniter->run()
#9 {main}
CRITICAL - 2022-02-16 17:36:44 --> Invalid file: platillos/homes.php
#0 C:\xampp\htdocs\pwa_buffet_viterbo\system\View\View.php(198): CodeIgniter\Exceptions\FrameworkException::forInvalidFile('platillos/homes...')
#1 C:\xampp\htdocs\pwa_buffet_viterbo\system\Common.php(1089): CodeIgniter\View\View->render('platillos/homes', Array, true)
#2 C:\xampp\htdocs\pwa_buffet_viterbo\app\Controllers\Base.php(9): view('platillos/homes')
#3 C:\xampp\htdocs\pwa_buffet_viterbo\system\CodeIgniter.php(825): App\Controllers\Base->index()
#4 C:\xampp\htdocs\pwa_buffet_viterbo\system\CodeIgniter.php(412): CodeIgniter\CodeIgniter->runController(Object(App\Controllers\Base))
#5 C:\xampp\htdocs\pwa_buffet_viterbo\system\CodeIgniter.php(320): CodeIgniter\CodeIgniter->handleRequest(NULL, Object(Config\Cache), false)
#6 C:\xampp\htdocs\pwa_buffet_viterbo\public\index.php(37): CodeIgniter\CodeIgniter->run()
#7 {main}
CRITICAL - 2022-02-16 17:38:58 --> Undefined array key "nombre"
#0 C:\xampp\htdocs\pwa_buffet_viterbo\app\Views\backend\index.php(35): CodeIgniter\Debug\Exceptions->errorHandler(2, 'Undefined array...', 'C:\\xampp\\htdocs...', 35)
#1 C:\xampp\htdocs\pwa_buffet_viterbo\system\View\View.php(210): include('C:\\xampp\\htdocs...')
#2 C:\xampp\htdocs\pwa_buffet_viterbo\system\View\View.php(213): CodeIgniter\View\View->CodeIgniter\View\{closure}()
#3 C:\xampp\htdocs\pwa_buffet_viterbo\system\Common.php(1089): CodeIgniter\View\View->render('backend/index', Array, true)
#4 C:\xampp\htdocs\pwa_buffet_viterbo\app\Controllers\Dashboard.php(16): view('backend/index', Array)
#5 C:\xampp\htdocs\pwa_buffet_viterbo\system\CodeIgniter.php(825): App\Controllers\Dashboard->index()
#6 C:\xampp\htdocs\pwa_buffet_viterbo\system\CodeIgniter.php(412): CodeIgniter\CodeIgniter->runController(Object(App\Controllers\Dashboard))
#7 C:\xampp\htdocs\pwa_buffet_viterbo\system\CodeIgniter.php(320): CodeIgniter\CodeIgniter->handleRequest(NULL, Object(Config\Cache), false)
#8 C:\xampp\htdocs\pwa_buffet_viterbo\public\index.php(37): CodeIgniter\CodeIgniter->run()
#9 {main}
CRITICAL - 2022-02-16 17:39:39 --> Undefined array key "nombre"
#0 C:\xampp\htdocs\pwa_buffet_viterbo\app\Views\backend\index.php(35): CodeIgniter\Debug\Exceptions->errorHandler(2, 'Undefined array...', 'C:\\xampp\\htdocs...', 35)
#1 C:\xampp\htdocs\pwa_buffet_viterbo\system\View\View.php(210): include('C:\\xampp\\htdocs...')
#2 C:\xampp\htdocs\pwa_buffet_viterbo\system\View\View.php(213): CodeIgniter\View\View->CodeIgniter\View\{closure}()
#3 C:\xampp\htdocs\pwa_buffet_viterbo\system\Common.php(1089): CodeIgniter\View\View->render('backend/index', Array, true)
#4 C:\xampp\htdocs\pwa_buffet_viterbo\app\Controllers\Dashboard.php(16): view('backend/index', Array)
#5 C:\xampp\htdocs\pwa_buffet_viterbo\system\CodeIgniter.php(825): App\Controllers\Dashboard->index()
#6 C:\xampp\htdocs\pwa_buffet_viterbo\system\CodeIgniter.php(412): CodeIgniter\CodeIgniter->runController(Object(App\Controllers\Dashboard))
#7 C:\xampp\htdocs\pwa_buffet_viterbo\system\CodeIgniter.php(320): CodeIgniter\CodeIgniter->handleRequest(NULL, Object(Config\Cache), false)
#8 C:\xampp\htdocs\pwa_buffet_viterbo\public\index.php(37): CodeIgniter\CodeIgniter->run()
#9 {main}
CRITICAL - 2022-02-16 17:41:03 --> Undefined array key "nombre"
#0 C:\xampp\htdocs\pwa_buffet_viterbo\app\Views\backend\index.php(35): CodeIgniter\Debug\Exceptions->errorHandler(2, 'Undefined array...', 'C:\\xampp\\htdocs...', 35)
#1 C:\xampp\htdocs\pwa_buffet_viterbo\system\View\View.php(210): include('C:\\xampp\\htdocs...')
#2 C:\xampp\htdocs\pwa_buffet_viterbo\system\View\View.php(213): CodeIgniter\View\View->CodeIgniter\View\{closure}()
#3 C:\xampp\htdocs\pwa_buffet_viterbo\system\Common.php(1089): CodeIgniter\View\View->render('backend/index', Array, true)
#4 C:\xampp\htdocs\pwa_buffet_viterbo\app\Controllers\Dashboard.php(16): view('backend/index', Array)
#5 C:\xampp\htdocs\pwa_buffet_viterbo\system\CodeIgniter.php(825): App\Controllers\Dashboard->index()
#6 C:\xampp\htdocs\pwa_buffet_viterbo\system\CodeIgniter.php(412): CodeIgniter\CodeIgniter->runController(Object(App\Controllers\Dashboard))
#7 C:\xampp\htdocs\pwa_buffet_viterbo\system\CodeIgniter.php(320): CodeIgniter\CodeIgniter->handleRequest(NULL, Object(Config\Cache), false)
#8 C:\xampp\htdocs\pwa_buffet_viterbo\public\index.php(37): CodeIgniter\CodeIgniter->run()
#9 {main}
CRITICAL - 2022-02-16 17:41:07 --> Undefined array key "nombre"
#0 C:\xampp\htdocs\pwa_buffet_viterbo\app\Views\backend\index.php(35): CodeIgniter\Debug\Exceptions->errorHandler(2, 'Undefined array...', 'C:\\xampp\\htdocs...', 35)
#1 C:\xampp\htdocs\pwa_buffet_viterbo\system\View\View.php(210): include('C:\\xampp\\htdocs...')
#2 C:\xampp\htdocs\pwa_buffet_viterbo\system\View\View.php(213): CodeIgniter\View\View->CodeIgniter\View\{closure}()
#3 C:\xampp\htdocs\pwa_buffet_viterbo\system\Common.php(1089): CodeIgniter\View\View->render('backend/index', Array, true)
#4 C:\xampp\htdocs\pwa_buffet_viterbo\app\Controllers\Dashboard.php(16): view('backend/index', Array)
#5 C:\xampp\htdocs\pwa_buffet_viterbo\system\CodeIgniter.php(825): App\Controllers\Dashboard->index()
#6 C:\xampp\htdocs\pwa_buffet_viterbo\system\CodeIgniter.php(412): CodeIgniter\CodeIgniter->runController(Object(App\Controllers\Dashboard))
#7 C:\xampp\htdocs\pwa_buffet_viterbo\system\CodeIgniter.php(320): CodeIgniter\CodeIgniter->handleRequest(NULL, Object(Config\Cache), false)
#8 C:\xampp\htdocs\pwa_buffet_viterbo\public\index.php(37): CodeIgniter\CodeIgniter->run()
#9 {main}
CRITICAL - 2022-02-16 17:41:09 --> Undefined array key "nombre"
#0 C:\xampp\htdocs\pwa_buffet_viterbo\app\Views\backend\index.php(35): CodeIgniter\Debug\Exceptions->errorHandler(2, 'Undefined array...', 'C:\\xampp\\htdocs...', 35)
#1 C:\xampp\htdocs\pwa_buffet_viterbo\system\View\View.php(210): include('C:\\xampp\\htdocs...')
#2 C:\xampp\htdocs\pwa_buffet_viterbo\system\View\View.php(213): CodeIgniter\View\View->CodeIgniter\View\{closure}()
#3 C:\xampp\htdocs\pwa_buffet_viterbo\system\Common.php(1089): CodeIgniter\View\View->render('backend/index', Array, true)
#4 C:\xampp\htdocs\pwa_buffet_viterbo\app\Controllers\Dashboard.php(16): view('backend/index', Array)
#5 C:\xampp\htdocs\pwa_buffet_viterbo\system\CodeIgniter.php(825): App\Controllers\Dashboard->index()
#6 C:\xampp\htdocs\pwa_buffet_viterbo\system\CodeIgniter.php(412): CodeIgniter\CodeIgniter->runController(Object(App\Controllers\Dashboard))
#7 C:\xampp\htdocs\pwa_buffet_viterbo\system\CodeIgniter.php(320): CodeIgniter\CodeIgniter->handleRequest(NULL, Object(Config\Cache), false)
#8 C:\xampp\htdocs\pwa_buffet_viterbo\public\index.php(37): CodeIgniter\CodeIgniter->run()
#9 {main}
CRITICAL - 2022-02-16 17:41:52 --> Undefined array key "nombre"
#0 C:\xampp\htdocs\pwa_buffet_viterbo\app\Views\backend\index.php(35): CodeIgniter\Debug\Exceptions->errorHandler(2, 'Undefined array...', 'C:\\xampp\\htdocs...', 35)
#1 C:\xampp\htdocs\pwa_buffet_viterbo\system\View\View.php(210): include('C:\\xampp\\htdocs...')
#2 C:\xampp\htdocs\pwa_buffet_viterbo\system\View\View.php(213): CodeIgniter\View\View->CodeIgniter\View\{closure}()
#3 C:\xampp\htdocs\pwa_buffet_viterbo\system\Common.php(1089): CodeIgniter\View\View->render('backend/index', Array, true)
#4 C:\xampp\htdocs\pwa_buffet_viterbo\app\Controllers\Dashboard.php(16): view('backend/index', Array)
#5 C:\xampp\htdocs\pwa_buffet_viterbo\system\CodeIgniter.php(825): App\Controllers\Dashboard->index()
#6 C:\xampp\htdocs\pwa_buffet_viterbo\system\CodeIgniter.php(412): CodeIgniter\CodeIgniter->runController(Object(App\Controllers\Dashboard))
#7 C:\xampp\htdocs\pwa_buffet_viterbo\system\CodeIgniter.php(320): CodeIgniter\CodeIgniter->handleRequest(NULL, Object(Config\Cache), false)
#8 C:\xampp\htdocs\pwa_buffet_viterbo\public\index.php(37): CodeIgniter\CodeIgniter->run()
#9 {main}
CRITICAL - 2022-02-16 17:43:42 --> Undefined array key "nombre"
#0 C:\xampp\htdocs\pwa_buffet_viterbo\app\Views\backend\index.php(35): CodeIgniter\Debug\Exceptions->errorHandler(2, 'Undefined array...', 'C:\\xampp\\htdocs...', 35)
#1 C:\xampp\htdocs\pwa_buffet_viterbo\system\View\View.php(210): include('C:\\xampp\\htdocs...')
#2 C:\xampp\htdocs\pwa_buffet_viterbo\system\View\View.php(213): CodeIgniter\View\View->CodeIgniter\View\{closure}()
#3 C:\xampp\htdocs\pwa_buffet_viterbo\system\Common.php(1089): CodeIgniter\View\View->render('backend/index', Array, true)
#4 C:\xampp\htdocs\pwa_buffet_viterbo\app\Controllers\Dashboard.php(16): view('backend/index', Array)
#5 C:\xampp\htdocs\pwa_buffet_viterbo\system\CodeIgniter.php(825): App\Controllers\Dashboard->index()
#6 C:\xampp\htdocs\pwa_buffet_viterbo\system\CodeIgniter.php(412): CodeIgniter\CodeIgniter->runController(Object(App\Controllers\Dashboard))
#7 C:\xampp\htdocs\pwa_buffet_viterbo\system\CodeIgniter.php(320): CodeIgniter\CodeIgniter->handleRequest(NULL, Object(Config\Cache), false)
#8 C:\xampp\htdocs\pwa_buffet_viterbo\public\index.php(37): CodeIgniter\CodeIgniter->run()
#9 {main}
CRITICAL - 2022-02-16 17:44:41 --> Undefined array key "nombre"
#0 C:\xampp\htdocs\pwa_buffet_viterbo\app\Views\backend\index.php(35): CodeIgniter\Debug\Exceptions->errorHandler(2, 'Undefined array...', 'C:\\xampp\\htdocs...', 35)
#1 C:\xampp\htdocs\pwa_buffet_viterbo\system\View\View.php(210): include('C:\\xampp\\htdocs...')
#2 C:\xampp\htdocs\pwa_buffet_viterbo\system\View\View.php(213): CodeIgniter\View\View->CodeIgniter\View\{closure}()
#3 C:\xampp\htdocs\pwa_buffet_viterbo\system\Common.php(1089): CodeIgniter\View\View->render('backend/index', Array, true)
#4 C:\xampp\htdocs\pwa_buffet_viterbo\app\Controllers\Dashboard.php(16): view('backend/index', Array)
#5 C:\xampp\htdocs\pwa_buffet_viterbo\system\CodeIgniter.php(825): App\Controllers\Dashboard->index()
#6 C:\xampp\htdocs\pwa_buffet_viterbo\system\CodeIgniter.php(412): CodeIgniter\CodeIgniter->runController(Object(App\Controllers\Dashboard))
#7 C:\xampp\htdocs\pwa_buffet_viterbo\system\CodeIgniter.php(320): CodeIgniter\CodeIgniter->handleRequest(NULL, Object(Config\Cache), false)
#8 C:\xampp\htdocs\pwa_buffet_viterbo\public\index.php(37): CodeIgniter\CodeIgniter->run()
#9 {main}
CRITICAL - 2022-02-16 17:45:03 --> Undefined array key "nombre"
#0 C:\xampp\htdocs\pwa_buffet_viterbo\app\Views\backend\index.php(35): CodeIgniter\Debug\Exceptions->errorHandler(2, 'Undefined array...', 'C:\\xampp\\htdocs...', 35)
#1 C:\xampp\htdocs\pwa_buffet_viterbo\system\View\View.php(210): include('C:\\xampp\\htdocs...')
#2 C:\xampp\htdocs\pwa_buffet_viterbo\system\View\View.php(213): CodeIgniter\View\View->CodeIgniter\View\{closure}()
#3 C:\xampp\htdocs\pwa_buffet_viterbo\system\Common.php(1089): CodeIgniter\View\View->render('backend/index', Array, true)
#4 C:\xampp\htdocs\pwa_buffet_viterbo\app\Controllers\Dashboard.php(16): view('backend/index', Array)
#5 C:\xampp\htdocs\pwa_buffet_viterbo\system\CodeIgniter.php(825): App\Controllers\Dashboard->index()
#6 C:\xampp\htdocs\pwa_buffet_viterbo\system\CodeIgniter.php(412): CodeIgniter\CodeIgniter->runController(Object(App\Controllers\Dashboard))
#7 C:\xampp\htdocs\pwa_buffet_viterbo\system\CodeIgniter.php(320): CodeIgniter\CodeIgniter->handleRequest(NULL, Object(Config\Cache), false)
#8 C:\xampp\htdocs\pwa_buffet_viterbo\public\index.php(37): CodeIgniter\CodeIgniter->run()
#9 {main}
CRITICAL - 2022-02-16 17:45:05 --> Undefined array key "nombre"
#0 C:\xampp\htdocs\pwa_buffet_viterbo\app\Views\backend\index.php(35): CodeIgniter\Debug\Exceptions->errorHandler(2, 'Undefined array...', 'C:\\xampp\\htdocs...', 35)
#1 C:\xampp\htdocs\pwa_buffet_viterbo\system\View\View.php(210): include('C:\\xampp\\htdocs...')
#2 C:\xampp\htdocs\pwa_buffet_viterbo\system\View\View.php(213): CodeIgniter\View\View->CodeIgniter\View\{closure}()
#3 C:\xampp\htdocs\pwa_buffet_viterbo\system\Common.php(1089): CodeIgniter\View\View->render('backend/index', Array, true)
#4 C:\xampp\htdocs\pwa_buffet_viterbo\app\Controllers\Dashboard.php(16): view('backend/index', Array)
#5 C:\xampp\htdocs\pwa_buffet_viterbo\system\CodeIgniter.php(825): App\Controllers\Dashboard->index()
#6 C:\xampp\htdocs\pwa_buffet_viterbo\system\CodeIgniter.php(412): CodeIgniter\CodeIgniter->runController(Object(App\Controllers\Dashboard))
#7 C:\xampp\htdocs\pwa_buffet_viterbo\system\CodeIgniter.php(320): CodeIgniter\CodeIgniter->handleRequest(NULL, Object(Config\Cache), false)
#8 C:\xampp\htdocs\pwa_buffet_viterbo\public\index.php(37): CodeIgniter\CodeIgniter->run()
#9 {main}
CRITICAL - 2022-02-16 17:45:12 --> Undefined array key "nombre"
#0 C:\xampp\htdocs\pwa_buffet_viterbo\app\Views\backend\index.php(35): CodeIgniter\Debug\Exceptions->errorHandler(2, 'Undefined array...', 'C:\\xampp\\htdocs...', 35)
#1 C:\xampp\htdocs\pwa_buffet_viterbo\system\View\View.php(210): include('C:\\xampp\\htdocs...')
#2 C:\xampp\htdocs\pwa_buffet_viterbo\system\View\View.php(213): CodeIgniter\View\View->CodeIgniter\View\{closure}()
#3 C:\xampp\htdocs\pwa_buffet_viterbo\system\Common.php(1089): CodeIgniter\View\View->render('backend/index', Array, true)
#4 C:\xampp\htdocs\pwa_buffet_viterbo\app\Controllers\Dashboard.php(16): view('backend/index', Array)
#5 C:\xampp\htdocs\pwa_buffet_viterbo\system\CodeIgniter.php(825): App\Controllers\Dashboard->index()
#6 C:\xampp\htdocs\pwa_buffet_viterbo\system\CodeIgniter.php(412): CodeIgniter\CodeIgniter->runController(Object(App\Controllers\Dashboard))
#7 C:\xampp\htdocs\pwa_buffet_viterbo\system\CodeIgniter.php(320): CodeIgniter\CodeIgniter->handleRequest(NULL, Object(Config\Cache), false)
#8 C:\xampp\htdocs\pwa_buffet_viterbo\public\index.php(37): CodeIgniter\CodeIgniter->run()
#9 {main}
CRITICAL - 2022-02-16 17:45:59 --> Invalid file: back-end/index.php
#0 C:\xampp\htdocs\pwa_buffet_viterbo\system\View\View.php(198): CodeIgniter\Exceptions\FrameworkException::forInvalidFile('back-end/index....')
#1 C:\xampp\htdocs\pwa_buffet_viterbo\system\Common.php(1089): CodeIgniter\View\View->render('back-end/index', Array, true)
#2 C:\xampp\htdocs\pwa_buffet_viterbo\app\Controllers\Dashboard.php(16): view('back-end/index', Array)
#3 C:\xampp\htdocs\pwa_buffet_viterbo\system\CodeIgniter.php(825): App\Controllers\Dashboard->index()
#4 C:\xampp\htdocs\pwa_buffet_viterbo\system\CodeIgniter.php(412): CodeIgniter\CodeIgniter->runController(Object(App\Controllers\Dashboard))
#5 C:\xampp\htdocs\pwa_buffet_viterbo\system\CodeIgniter.php(320): CodeIgniter\CodeIgniter->handleRequest(NULL, Object(Config\Cache), false)
#6 C:\xampp\htdocs\pwa_buffet_viterbo\public\index.php(37): CodeIgniter\CodeIgniter->run()
#7 {main}
CRITICAL - 2022-02-16 17:46:00 --> Invalid file: back-end/index.php
#0 C:\xampp\htdocs\pwa_buffet_viterbo\system\View\View.php(198): CodeIgniter\Exceptions\FrameworkException::forInvalidFile('back-end/index....')
#1 C:\xampp\htdocs\pwa_buffet_viterbo\system\Common.php(1089): CodeIgniter\View\View->render('back-end/index', Array, true)
#2 C:\xampp\htdocs\pwa_buffet_viterbo\app\Controllers\Dashboard.php(16): view('back-end/index', Array)
#3 C:\xampp\htdocs\pwa_buffet_viterbo\system\CodeIgniter.php(825): App\Controllers\Dashboard->index()
#4 C:\xampp\htdocs\pwa_buffet_viterbo\system\CodeIgniter.php(412): CodeIgniter\CodeIgniter->runController(Object(App\Controllers\Dashboard))
#5 C:\xampp\htdocs\pwa_buffet_viterbo\system\CodeIgniter.php(320): CodeIgniter\CodeIgniter->handleRequest(NULL, Object(Config\Cache), false)
#6 C:\xampp\htdocs\pwa_buffet_viterbo\public\index.php(37): CodeIgniter\CodeIgniter->run()
#7 {main}
CRITICAL - 2022-02-16 17:46:20 --> Undefined array key "nombre"
#0 C:\xampp\htdocs\pwa_buffet_viterbo\app\Views\backend\index.php(35): CodeIgniter\Debug\Exceptions->errorHandler(2, 'Undefined array...', 'C:\\xampp\\htdocs...', 35)
#1 C:\xampp\htdocs\pwa_buffet_viterbo\system\View\View.php(210): include('C:\\xampp\\htdocs...')
#2 C:\xampp\htdocs\pwa_buffet_viterbo\system\View\View.php(213): CodeIgniter\View\View->CodeIgniter\View\{closure}()
#3 C:\xampp\htdocs\pwa_buffet_viterbo\system\Common.php(1089): CodeIgniter\View\View->render('backend/index', Array, true)
#4 C:\xampp\htdocs\pwa_buffet_viterbo\app\Controllers\Dashboard.php(16): view('backend/index', Array)
#5 C:\xampp\htdocs\pwa_buffet_viterbo\system\CodeIgniter.php(825): App\Controllers\Dashboard->index()
#6 C:\xampp\htdocs\pwa_buffet_viterbo\system\CodeIgniter.php(412): CodeIgniter\CodeIgniter->runController(Object(App\Controllers\Dashboard))
#7 C:\xampp\htdocs\pwa_buffet_viterbo\system\CodeIgniter.php(320): CodeIgniter\CodeIgniter->handleRequest(NULL, Object(Config\Cache), false)
#8 C:\xampp\htdocs\pwa_buffet_viterbo\public\index.php(37): CodeIgniter\CodeIgniter->run()
#9 {main}
CRITICAL - 2022-02-16 17:47:27 --> Undefined array key "nombre"
#0 C:\xampp\htdocs\pwa_buffet_viterbo\app\Views\backend\index.php(35): CodeIgniter\Debug\Exceptions->errorHandler(2, 'Undefined array...', 'C:\\xampp\\htdocs...', 35)
#1 C:\xampp\htdocs\pwa_buffet_viterbo\system\View\View.php(210): include('C:\\xampp\\htdocs...')
#2 C:\xampp\htdocs\pwa_buffet_viterbo\system\View\View.php(213): CodeIgniter\View\View->CodeIgniter\View\{closure}()
#3 C:\xampp\htdocs\pwa_buffet_viterbo\system\Common.php(1089): CodeIgniter\View\View->render('backend/index', Array, true)
#4 C:\xampp\htdocs\pwa_buffet_viterbo\app\Controllers\Dashboard.php(16): view('backend/index', Array)
#5 C:\xampp\htdocs\pwa_buffet_viterbo\system\CodeIgniter.php(825): App\Controllers\Dashboard->index()
#6 C:\xampp\htdocs\pwa_buffet_viterbo\system\CodeIgniter.php(412): CodeIgniter\CodeIgniter->runController(Object(App\Controllers\Dashboard))
#7 C:\xampp\htdocs\pwa_buffet_viterbo\system\CodeIgniter.php(320): CodeIgniter\CodeIgniter->handleRequest(NULL, Object(Config\Cache), false)
#8 C:\xampp\htdocs\pwa_buffet_viterbo\public\index.php(37): CodeIgniter\CodeIgniter->run()
#9 {main}
CRITICAL - 2022-02-16 17:47:28 --> Undefined array key "nombre"
#0 C:\xampp\htdocs\pwa_buffet_viterbo\app\Views\backend\index.php(35): CodeIgniter\Debug\Exceptions->errorHandler(2, 'Undefined array...', 'C:\\xampp\\htdocs...', 35)
#1 C:\xampp\htdocs\pwa_buffet_viterbo\system\View\View.php(210): include('C:\\xampp\\htdocs...')
#2 C:\xampp\htdocs\pwa_buffet_viterbo\system\View\View.php(213): CodeIgniter\View\View->CodeIgniter\View\{closure}()
#3 C:\xampp\htdocs\pwa_buffet_viterbo\system\Common.php(1089): CodeIgniter\View\View->render('backend/index', Array, true)
#4 C:\xampp\htdocs\pwa_buffet_viterbo\app\Controllers\Dashboard.php(16): view('backend/index', Array)
#5 C:\xampp\htdocs\pwa_buffet_viterbo\system\CodeIgniter.php(825): App\Controllers\Dashboard->index()
#6 C:\xampp\htdocs\pwa_buffet_viterbo\system\CodeIgniter.php(412): CodeIgniter\CodeIgniter->runController(Object(App\Controllers\Dashboard))
#7 C:\xampp\htdocs\pwa_buffet_viterbo\system\CodeIgniter.php(320): CodeIgniter\CodeIgniter->handleRequest(NULL, Object(Config\Cache), false)
#8 C:\xampp\htdocs\pwa_buffet_viterbo\public\index.php(37): CodeIgniter\CodeIgniter->run()
#9 {main}
CRITICAL - 2022-02-16 17:47:28 --> Undefined array key "nombre"
#0 C:\xampp\htdocs\pwa_buffet_viterbo\app\Views\backend\index.php(35): CodeIgniter\Debug\Exceptions->errorHandler(2, 'Undefined array...', 'C:\\xampp\\htdocs...', 35)
#1 C:\xampp\htdocs\pwa_buffet_viterbo\system\View\View.php(210): include('C:\\xampp\\htdocs...')
#2 C:\xampp\htdocs\pwa_buffet_viterbo\system\View\View.php(213): CodeIgniter\View\View->CodeIgniter\View\{closure}()
#3 C:\xampp\htdocs\pwa_buffet_viterbo\system\Common.php(1089): CodeIgniter\View\View->render('backend/index', Array, true)
#4 C:\xampp\htdocs\pwa_buffet_viterbo\app\Controllers\Dashboard.php(16): view('backend/index', Array)
#5 C:\xampp\htdocs\pwa_buffet_viterbo\system\CodeIgniter.php(825): App\Controllers\Dashboard->index()
#6 C:\xampp\htdocs\pwa_buffet_viterbo\system\CodeIgniter.php(412): CodeIgniter\CodeIgniter->runController(Object(App\Controllers\Dashboard))
#7 C:\xampp\htdocs\pwa_buffet_viterbo\system\CodeIgniter.php(320): CodeIgniter\CodeIgniter->handleRequest(NULL, Object(Config\Cache), false)
#8 C:\xampp\htdocs\pwa_buffet_viterbo\public\index.php(37): CodeIgniter\CodeIgniter->run()
#9 {main}
CRITICAL - 2022-02-16 17:47:29 --> Undefined array key "nombre"
#0 C:\xampp\htdocs\pwa_buffet_viterbo\app\Views\backend\index.php(35): CodeIgniter\Debug\Exceptions->errorHandler(2, 'Undefined array...', 'C:\\xampp\\htdocs...', 35)
#1 C:\xampp\htdocs\pwa_buffet_viterbo\system\View\View.php(210): include('C:\\xampp\\htdocs...')
#2 C:\xampp\htdocs\pwa_buffet_viterbo\system\View\View.php(213): CodeIgniter\View\View->CodeIgniter\View\{closure}()
#3 C:\xampp\htdocs\pwa_buffet_viterbo\system\Common.php(1089): CodeIgniter\View\View->render('backend/index', Array, true)
#4 C:\xampp\htdocs\pwa_buffet_viterbo\app\Controllers\Dashboard.php(16): view('backend/index', Array)
#5 C:\xampp\htdocs\pwa_buffet_viterbo\system\CodeIgniter.php(825): App\Controllers\Dashboard->index()
#6 C:\xampp\htdocs\pwa_buffet_viterbo\system\CodeIgniter.php(412): CodeIgniter\CodeIgniter->runController(Object(App\Controllers\Dashboard))
#7 C:\xampp\htdocs\pwa_buffet_viterbo\system\CodeIgniter.php(320): CodeIgniter\CodeIgniter->handleRequest(NULL, Object(Config\Cache), false)
#8 C:\xampp\htdocs\pwa_buffet_viterbo\public\index.php(37): CodeIgniter\CodeIgniter->run()
#9 {main}
CRITICAL - 2022-02-16 17:47:29 --> Undefined array key "nombre"
#0 C:\xampp\htdocs\pwa_buffet_viterbo\app\Views\backend\index.php(35): CodeIgniter\Debug\Exceptions->errorHandler(2, 'Undefined array...', 'C:\\xampp\\htdocs...', 35)
#1 C:\xampp\htdocs\pwa_buffet_viterbo\system\View\View.php(210): include('C:\\xampp\\htdocs...')
#2 C:\xampp\htdocs\pwa_buffet_viterbo\system\View\View.php(213): CodeIgniter\View\View->CodeIgniter\View\{closure}()
#3 C:\xampp\htdocs\pwa_buffet_viterbo\system\Common.php(1089): CodeIgniter\View\View->render('backend/index', Array, true)
#4 C:\xampp\htdocs\pwa_buffet_viterbo\app\Controllers\Dashboard.php(16): view('backend/index', Array)
#5 C:\xampp\htdocs\pwa_buffet_viterbo\system\CodeIgniter.php(825): App\Controllers\Dashboard->index()
#6 C:\xampp\htdocs\pwa_buffet_viterbo\system\CodeIgniter.php(412): CodeIgniter\CodeIgniter->runController(Object(App\Controllers\Dashboard))
#7 C:\xampp\htdocs\pwa_buffet_viterbo\system\CodeIgniter.php(320): CodeIgniter\CodeIgniter->handleRequest(NULL, Object(Config\Cache), false)
#8 C:\xampp\htdocs\pwa_buffet_viterbo\public\index.php(37): CodeIgniter\CodeIgniter->run()
#9 {main}
CRITICAL - 2022-02-16 17:47:29 --> Undefined array key "nombre"
#0 C:\xampp\htdocs\pwa_buffet_viterbo\app\Views\backend\index.php(35): CodeIgniter\Debug\Exceptions->errorHandler(2, 'Undefined array...', 'C:\\xampp\\htdocs...', 35)
#1 C:\xampp\htdocs\pwa_buffet_viterbo\system\View\View.php(210): include('C:\\xampp\\htdocs...')
#2 C:\xampp\htdocs\pwa_buffet_viterbo\system\View\View.php(213): CodeIgniter\View\View->CodeIgniter\View\{closure}()
#3 C:\xampp\htdocs\pwa_buffet_viterbo\system\Common.php(1089): CodeIgniter\View\View->render('backend/index', Array, true)
#4 C:\xampp\htdocs\pwa_buffet_viterbo\app\Controllers\Dashboard.php(16): view('backend/index', Array)
#5 C:\xampp\htdocs\pwa_buffet_viterbo\system\CodeIgniter.php(825): App\Controllers\Dashboard->index()
#6 C:\xampp\htdocs\pwa_buffet_viterbo\system\CodeIgniter.php(412): CodeIgniter\CodeIgniter->runController(Object(App\Controllers\Dashboard))
#7 C:\xampp\htdocs\pwa_buffet_viterbo\system\CodeIgniter.php(320): CodeIgniter\CodeIgniter->handleRequest(NULL, Object(Config\Cache), false)
#8 C:\xampp\htdocs\pwa_buffet_viterbo\public\index.php(37): CodeIgniter\CodeIgniter->run()
#9 {main}
CRITICAL - 2022-02-16 18:00:09 --> Undefined array key "nombre"
#0 C:\xampp\htdocs\pwa_buffet_viterbo\app\Views\backend\index.php(35): CodeIgniter\Debug\Exceptions->errorHandler(2, 'Undefined array...', 'C:\\xampp\\htdocs...', 35)
#1 C:\xampp\htdocs\pwa_buffet_viterbo\system\View\View.php(210): include('C:\\xampp\\htdocs...')
#2 C:\xampp\htdocs\pwa_buffet_viterbo\system\View\View.php(213): CodeIgniter\View\View->CodeIgniter\View\{closure}()
#3 C:\xampp\htdocs\pwa_buffet_viterbo\system\Common.php(1089): CodeIgniter\View\View->render('backend/index', Array, true)
#4 C:\xampp\htdocs\pwa_buffet_viterbo\app\Controllers\Dashboard.php(16): view('backend/index', Array)
#5 C:\xampp\htdocs\pwa_buffet_viterbo\system\CodeIgniter.php(825): App\Controllers\Dashboard->index()
#6 C:\xampp\htdocs\pwa_buffet_viterbo\system\CodeIgniter.php(412): CodeIgniter\CodeIgniter->runController(Object(App\Controllers\Dashboard))
#7 C:\xampp\htdocs\pwa_buffet_viterbo\system\CodeIgniter.php(320): CodeIgniter\CodeIgniter->handleRequest(NULL, Object(Config\Cache), false)
#8 C:\xampp\htdocs\pwa_buffet_viterbo\public\index.php(37): CodeIgniter\CodeIgniter->run()
#9 {main}
CRITICAL - 2022-02-16 18:03:44 --> Undefined array key "nombre"
#0 C:\xampp\htdocs\pwa_buffet_viterbo\app\Views\backend\index.php(35): CodeIgniter\Debug\Exceptions->errorHandler(2, 'Undefined array...', 'C:\\xampp\\htdocs...', 35)
#1 C:\xampp\htdocs\pwa_buffet_viterbo\system\View\View.php(210): include('C:\\xampp\\htdocs...')
#2 C:\xampp\htdocs\pwa_buffet_viterbo\system\View\View.php(213): CodeIgniter\View\View->CodeIgniter\View\{closure}()
#3 C:\xampp\htdocs\pwa_buffet_viterbo\system\Common.php(1089): CodeIgniter\View\View->render('backend/index', Array, true)
#4 C:\xampp\htdocs\pwa_buffet_viterbo\app\Controllers\Dashboard.php(16): view('backend/index', Array)
#5 C:\xampp\htdocs\pwa_buffet_viterbo\system\CodeIgniter.php(825): App\Controllers\Dashboard->index()
#6 C:\xampp\htdocs\pwa_buffet_viterbo\system\CodeIgniter.php(412): CodeIgniter\CodeIgniter->runController(Object(App\Controllers\Dashboard))
#7 C:\xampp\htdocs\pwa_buffet_viterbo\system\CodeIgniter.php(320): CodeIgniter\CodeIgniter->handleRequest(NULL, Object(Config\Cache), false)
#8 C:\xampp\htdocs\pwa_buffet_viterbo\public\index.php(37): CodeIgniter\CodeIgniter->run()
#9 {main}
CRITICAL - 2022-02-16 18:04:36 --> Undefined array key "nombre"
#0 C:\xampp\htdocs\pwa_buffet_viterbo\app\Views\backend\index.php(35): CodeIgniter\Debug\Exceptions->errorHandler(2, 'Undefined array...', 'C:\\xampp\\htdocs...', 35)
#1 C:\xampp\htdocs\pwa_buffet_viterbo\system\View\View.php(210): include('C:\\xampp\\htdocs...')
#2 C:\xampp\htdocs\pwa_buffet_viterbo\system\View\View.php(213): CodeIgniter\View\View->CodeIgniter\View\{closure}()
#3 C:\xampp\htdocs\pwa_buffet_viterbo\system\Common.php(1089): CodeIgniter\View\View->render('backend/index', Array, true)
#4 C:\xampp\htdocs\pwa_buffet_viterbo\app\Controllers\Dashboard.php(16): view('backend/index', Array)
#5 C:\xampp\htdocs\pwa_buffet_viterbo\system\CodeIgniter.php(825): App\Controllers\Dashboard->index()
#6 C:\xampp\htdocs\pwa_buffet_viterbo\system\CodeIgniter.php(412): CodeIgniter\CodeIgniter->runController(Object(App\Controllers\Dashboard))
#7 C:\xampp\htdocs\pwa_buffet_viterbo\system\CodeIgniter.php(320): CodeIgniter\CodeIgniter->handleRequest(NULL, Object(Config\Cache), false)
#8 C:\xampp\htdocs\pwa_buffet_viterbo\public\index.php(37): CodeIgniter\CodeIgniter->run()
#9 {main}
CRITICAL - 2022-02-16 18:05:22 --> Invalid file: back-end/index.php
#0 C:\xampp\htdocs\pwa_buffet_viterbo\system\View\View.php(198): CodeIgniter\Exceptions\FrameworkException::forInvalidFile('back-end/index....')
#1 C:\xampp\htdocs\pwa_buffet_viterbo\system\Common.php(1089): CodeIgniter\View\View->render('back-end/index', Array, true)
#2 C:\xampp\htdocs\pwa_buffet_viterbo\app\Controllers\Dashboard.php(16): view('back-end/index', Array)
#3 C:\xampp\htdocs\pwa_buffet_viterbo\system\CodeIgniter.php(825): App\Controllers\Dashboard->index()
#4 C:\xampp\htdocs\pwa_buffet_viterbo\system\CodeIgniter.php(412): CodeIgniter\CodeIgniter->runController(Object(App\Controllers\Dashboard))
#5 C:\xampp\htdocs\pwa_buffet_viterbo\system\CodeIgniter.php(320): CodeIgniter\CodeIgniter->handleRequest(NULL, Object(Config\Cache), false)
#6 C:\xampp\htdocs\pwa_buffet_viterbo\public\index.php(37): CodeIgniter\CodeIgniter->run()
#7 {main}
