CRITICAL - 2022-03-08 09:13:15 --> Invalid file: platillos/listar.php
#0 C:\xampp\htdocs\pwa_buffet_viterbo\system\View\View.php(198): CodeIgniter\Exceptions\FrameworkException::forInvalidFile('platillos/lista...')
#1 C:\xampp\htdocs\pwa_buffet_viterbo\system\Common.php(1089): CodeIgniter\View\View->render('platillos/lista...', Array, true)
#2 C:\xampp\htdocs\pwa_buffet_viterbo\app\Controllers\Home.php(9): view('platillos/lista...')
#3 C:\xampp\htdocs\pwa_buffet_viterbo\system\CodeIgniter.php(825): App\Controllers\Home->index()
#4 C:\xampp\htdocs\pwa_buffet_viterbo\system\CodeIgniter.php(412): CodeIgniter\CodeIgniter->runController(Object(App\Controllers\Home))
#5 C:\xampp\htdocs\pwa_buffet_viterbo\system\CodeIgniter.php(320): CodeIgniter\CodeIgniter->handleRequest(NULL, Object(Config\Cache), false)
#6 C:\xampp\htdocs\pwa_buffet_viterbo\public\index.php(37): CodeIgniter\CodeIgniter->run()
#7 {main}
CRITICAL - 2022-03-08 09:19:33 --> Invalid file: backend/bebidas/listar1.php
#0 C:\xampp\htdocs\pwa_buffet_viterbo\system\View\View.php(198): CodeIgniter\Exceptions\FrameworkException::forInvalidFile('backend/bebidas...')
#1 C:\xampp\htdocs\pwa_buffet_viterbo\system\Common.php(1089): CodeIgniter\View\View->render('backend/bebidas...', Array, true)
#2 C:\xampp\htdocs\pwa_buffet_viterbo\app\Controllers\Bebidas.php(14): view('backend/bebidas...', Array)
#3 C:\xampp\htdocs\pwa_buffet_viterbo\system\CodeIgniter.php(825): App\Controllers\Bebidas->index()
#4 C:\xampp\htdocs\pwa_buffet_viterbo\system\CodeIgniter.php(412): CodeIgniter\CodeIgniter->runController(Object(App\Controllers\Bebidas))
#5 C:\xampp\htdocs\pwa_buffet_viterbo\system\CodeIgniter.php(320): CodeIgniter\CodeIgniter->handleRequest(NULL, Object(Config\Cache), false)
#6 C:\xampp\htdocs\pwa_buffet_viterbo\public\index.php(37): CodeIgniter\CodeIgniter->run()
#7 {main}
CRITICAL - 2022-03-08 09:20:22 --> Invalid file: backend/bebidas/listar1.php
#0 C:\xampp\htdocs\pwa_buffet_viterbo\system\View\View.php(198): CodeIgniter\Exceptions\FrameworkException::forInvalidFile('backend/bebidas...')
#1 C:\xampp\htdocs\pwa_buffet_viterbo\system\Common.php(1089): CodeIgniter\View\View->render('backend/bebidas...', Array, true)
#2 C:\xampp\htdocs\pwa_buffet_viterbo\app\Controllers\Bebidas.php(14): view('backend/bebidas...', Array)
#3 C:\xampp\htdocs\pwa_buffet_viterbo\system\CodeIgniter.php(825): App\Controllers\Bebidas->index1()
#4 C:\xampp\htdocs\pwa_buffet_viterbo\system\CodeIgniter.php(412): CodeIgniter\CodeIgniter->runController(Object(App\Controllers\Bebidas))
#5 C:\xampp\htdocs\pwa_buffet_viterbo\system\CodeIgniter.php(320): CodeIgniter\CodeIgniter->handleRequest(NULL, Object(Config\Cache), false)
#6 C:\xampp\htdocs\pwa_buffet_viterbo\public\index.php(37): CodeIgniter\CodeIgniter->run()
#7 {main}
CRITICAL - 2022-03-08 09:21:51 --> Invalid file: backend/bebida/editar1.php
#0 C:\xampp\htdocs\pwa_buffet_viterbo\system\View\View.php(198): CodeIgniter\Exceptions\FrameworkException::forInvalidFile('backend/bebida/...')
#1 C:\xampp\htdocs\pwa_buffet_viterbo\system\Common.php(1089): CodeIgniter\View\View->render('backend/bebida/...', Array, true)
#2 C:\xampp\htdocs\pwa_buffet_viterbo\app\Controllers\Bebidas.php(74): view('backend/bebida/...', Array)
#3 C:\xampp\htdocs\pwa_buffet_viterbo\system\CodeIgniter.php(825): App\Controllers\Bebidas->editar1('1')
#4 C:\xampp\htdocs\pwa_buffet_viterbo\system\CodeIgniter.php(412): CodeIgniter\CodeIgniter->runController(Object(App\Controllers\Bebidas))
#5 C:\xampp\htdocs\pwa_buffet_viterbo\system\CodeIgniter.php(320): CodeIgniter\CodeIgniter->handleRequest(NULL, Object(Config\Cache), false)
#6 C:\xampp\htdocs\pwa_buffet_viterbo\public\index.php(37): CodeIgniter\CodeIgniter->run()
#7 {main}
CRITICAL - 2022-03-08 11:50:47 --> Undefined array key "nombre"
#0 C:\xampp\htdocs\pwa_buffet_viterbo\app\Views\backend\index.php(35): CodeIgniter\Debug\Exceptions->errorHandler(2, 'Undefined array...', 'C:\\xampp\\htdocs...', 35)
#1 C:\xampp\htdocs\pwa_buffet_viterbo\system\View\View.php(210): include('C:\\xampp\\htdocs...')
#2 C:\xampp\htdocs\pwa_buffet_viterbo\system\View\View.php(213): CodeIgniter\View\View->CodeIgniter\View\{closure}()
#3 C:\xampp\htdocs\pwa_buffet_viterbo\system\Common.php(1089): CodeIgniter\View\View->render('backend/index', Array, true)
#4 C:\xampp\htdocs\pwa_buffet_viterbo\app\Controllers\Dashboard.php(16): view('backend/index', Array)
#5 C:\xampp\htdocs\pwa_buffet_viterbo\system\CodeIgniter.php(825): App\Controllers\Dashboard->index()
#6 C:\xampp\htdocs\pwa_buffet_viterbo\system\CodeIgniter.php(412): CodeIgniter\CodeIgniter->runController(Object(App\Controllers\Dashboard))
#7 C:\xampp\htdocs\pwa_buffet_viterbo\system\CodeIgniter.php(320): CodeIgniter\CodeIgniter->handleRequest(NULL, Object(Config\Cache), false)
#8 C:\xampp\htdocs\pwa_buffet_viterbo\public\index.php(37): CodeIgniter\CodeIgniter->run()
#9 {main}
CRITICAL - 2022-03-08 11:50:50 --> Undefined array key "nombre"
#0 C:\xampp\htdocs\pwa_buffet_viterbo\app\Views\backend\index.php(35): CodeIgniter\Debug\Exceptions->errorHandler(2, 'Undefined array...', 'C:\\xampp\\htdocs...', 35)
#1 C:\xampp\htdocs\pwa_buffet_viterbo\system\View\View.php(210): include('C:\\xampp\\htdocs...')
#2 C:\xampp\htdocs\pwa_buffet_viterbo\system\View\View.php(213): CodeIgniter\View\View->CodeIgniter\View\{closure}()
#3 C:\xampp\htdocs\pwa_buffet_viterbo\system\Common.php(1089): CodeIgniter\View\View->render('backend/index', Array, true)
#4 C:\xampp\htdocs\pwa_buffet_viterbo\app\Controllers\Dashboard.php(16): view('backend/index', Array)
#5 C:\xampp\htdocs\pwa_buffet_viterbo\system\CodeIgniter.php(825): App\Controllers\Dashboard->index()
#6 C:\xampp\htdocs\pwa_buffet_viterbo\system\CodeIgniter.php(412): CodeIgniter\CodeIgniter->runController(Object(App\Controllers\Dashboard))
#7 C:\xampp\htdocs\pwa_buffet_viterbo\system\CodeIgniter.php(320): CodeIgniter\CodeIgniter->handleRequest(NULL, Object(Config\Cache), false)
#8 C:\xampp\htdocs\pwa_buffet_viterbo\public\index.php(37): CodeIgniter\CodeIgniter->run()
#9 {main}
CRITICAL - 2022-03-08 11:56:19 --> Invalid file: backend/comentarios/listarC.php
#0 C:\xampp\htdocs\pwa_buffet_viterbo\system\View\View.php(198): CodeIgniter\Exceptions\FrameworkException::forInvalidFile('backend/comenta...')
#1 C:\xampp\htdocs\pwa_buffet_viterbo\system\Common.php(1089): CodeIgniter\View\View->render('backend/comenta...', Array, true)
#2 C:\xampp\htdocs\pwa_buffet_viterbo\app\Controllers\Comentarios.php(14): view('backend/comenta...', Array)
#3 C:\xampp\htdocs\pwa_buffet_viterbo\system\CodeIgniter.php(825): App\Controllers\Comentarios->indexC()
#4 C:\xampp\htdocs\pwa_buffet_viterbo\system\CodeIgniter.php(412): CodeIgniter\CodeIgniter->runController(Object(App\Controllers\Comentarios))
#5 C:\xampp\htdocs\pwa_buffet_viterbo\system\CodeIgniter.php(320): CodeIgniter\CodeIgniter->handleRequest(NULL, Object(Config\Cache), false)
#6 C:\xampp\htdocs\pwa_buffet_viterbo\public\index.php(37): CodeIgniter\CodeIgniter->run()
#7 {main}
CRITICAL - 2022-03-08 11:59:51 --> Invalid file: backend/comentarios/listarC.php
#0 C:\xampp\htdocs\pwa_buffet_viterbo\system\View\View.php(198): CodeIgniter\Exceptions\FrameworkException::forInvalidFile('backend/comenta...')
#1 C:\xampp\htdocs\pwa_buffet_viterbo\system\Common.php(1089): CodeIgniter\View\View->render('backend/comenta...', Array, true)
#2 C:\xampp\htdocs\pwa_buffet_viterbo\app\Controllers\Comentarios.php(14): view('backend/comenta...', Array)
#3 C:\xampp\htdocs\pwa_buffet_viterbo\system\CodeIgniter.php(825): App\Controllers\Comentarios->indexC()
#4 C:\xampp\htdocs\pwa_buffet_viterbo\system\CodeIgniter.php(412): CodeIgniter\CodeIgniter->runController(Object(App\Controllers\Comentarios))
#5 C:\xampp\htdocs\pwa_buffet_viterbo\system\CodeIgniter.php(320): CodeIgniter\CodeIgniter->handleRequest(NULL, Object(Config\Cache), false)
#6 C:\xampp\htdocs\pwa_buffet_viterbo\public\index.php(37): CodeIgniter\CodeIgniter->run()
#7 {main}
CRITICAL - 2022-03-08 12:09:37 --> Invalid file: backend/comentarios/listarC.php
#0 C:\xampp\htdocs\pwa_buffet_viterbo\system\View\View.php(198): CodeIgniter\Exceptions\FrameworkException::forInvalidFile('backend/comenta...')
#1 C:\xampp\htdocs\pwa_buffet_viterbo\system\Common.php(1089): CodeIgniter\View\View->render('backend/comenta...', Array, true)
#2 C:\xampp\htdocs\pwa_buffet_viterbo\app\Controllers\Comentarios.php(14): view('backend/comenta...', Array)
#3 C:\xampp\htdocs\pwa_buffet_viterbo\system\CodeIgniter.php(825): App\Controllers\Comentarios->indexC()
#4 C:\xampp\htdocs\pwa_buffet_viterbo\system\CodeIgniter.php(412): CodeIgniter\CodeIgniter->runController(Object(App\Controllers\Comentarios))
#5 C:\xampp\htdocs\pwa_buffet_viterbo\system\CodeIgniter.php(320): CodeIgniter\CodeIgniter->handleRequest(NULL, Object(Config\Cache), false)
#6 C:\xampp\htdocs\pwa_buffet_viterbo\public\index.php(37): CodeIgniter\CodeIgniter->run()
#7 {main}
CRITICAL - 2022-03-08 15:01:33 --> Invalid file: platillos/listar.php
#0 C:\xampp\htdocs\pwa_buffet_viterbo\system\View\View.php(198): CodeIgniter\Exceptions\FrameworkException::forInvalidFile('platillos/lista...')
#1 C:\xampp\htdocs\pwa_buffet_viterbo\system\Common.php(1089): CodeIgniter\View\View->render('platillos/lista...', Array, true)
#2 C:\xampp\htdocs\pwa_buffet_viterbo\app\Controllers\Home.php(9): view('platillos/lista...')
#3 C:\xampp\htdocs\pwa_buffet_viterbo\system\CodeIgniter.php(825): App\Controllers\Home->index()
#4 C:\xampp\htdocs\pwa_buffet_viterbo\system\CodeIgniter.php(412): CodeIgniter\CodeIgniter->runController(Object(App\Controllers\Home))
#5 C:\xampp\htdocs\pwa_buffet_viterbo\system\CodeIgniter.php(320): CodeIgniter\CodeIgniter->handleRequest(NULL, Object(Config\Cache), false)
#6 C:\xampp\htdocs\pwa_buffet_viterbo\public\index.php(37): CodeIgniter\CodeIgniter->run()
#7 {main}
